Vivado Simulator 2016.4
Time resolution is 1 ps
RotWord cf4f3c09 | SubWord 8a84eb01 | Rcon 01 | After XOR 8b84eb01 | Final a0fafe17
RotWord cf4f3c09 | SubWord 8a84eb01 | Rcon 01 | After XOR a0fafe17 | Final 88542cb1
RotWord cf4f3c09 | SubWord 8a84eb01 | Rcon 01 | After XOR 88542cb1 | Final 23a33939
RotWord cf4f3c09 | SubWord 8a84eb01 | Rcon 01 | After XOR 23a33939 | Final 2a6c7605
RotWord 6c76052a | SubWord 50386be5 | Rcon 02 | After XOR 52386be5 | Final f2c295f2
RotWord 6c76052a | SubWord 50386be5 | Rcon 02 | After XOR f2c295f2 | Final 7a96b943
RotWord 6c76052a | SubWord 50386be5 | Rcon 02 | After XOR 7a96b943 | Final 5935807a
RotWord 6c76052a | SubWord 50386be5 | Rcon 02 | After XOR 5935807a | Final 7359f67f
RotWord 59f67f73 | SubWord cb42d28f | Rcon 04 | After XOR cf42d28f | Final 3d80477d
RotWord 59f67f73 | SubWord cb42d28f | Rcon 04 | After XOR 3d80477d | Final 4716fe3e
RotWord 59f67f73 | SubWord cb42d28f | Rcon 04 | After XOR 4716fe3e | Final 1e237e44
RotWord 59f67f73 | SubWord cb42d28f | Rcon 04 | After XOR 1e237e44 | Final 6d7a883b
RotWord 7a883b6d | SubWord dac4e23c | Rcon 08 | After XOR d2c4e23c | Final ef44a541
RotWord 7a883b6d | SubWord dac4e23c | Rcon 08 | After XOR ef44a541 | Final a8525b7f
RotWord 7a883b6d | SubWord dac4e23c | Rcon 08 | After XOR a8525b7f | Final b671253b
RotWord 7a883b6d | SubWord dac4e23c | Rcon 08 | After XOR b671253b | Final db0bad00
RotWord 0bad00db | SubWord 2b9563b9 | Rcon 10 | After XOR 3b9563b9 | Final d4d1c6f8
RotWord 0bad00db | SubWord 2b9563b9 | Rcon 10 | After XOR d4d1c6f8 | Final 7c839d87
RotWord 0bad00db | SubWord 2b9563b9 | Rcon 10 | After XOR 7c839d87 | Final caf2b8bc
RotWord 0bad00db | SubWord 2b9563b9 | Rcon 10 | After XOR caf2b8bc | Final 11f915bc
RotWord f915bc11 | SubWord 99596582 | Rcon 20 | After XOR b9596582 | Final 6d88a37a
RotWord f915bc11 | SubWord 99596582 | Rcon 20 | After XOR 6d88a37a | Final 110b3efd
RotWord f915bc11 | SubWord 99596582 | Rcon 20 | After XOR 110b3efd | Final dbf98641
RotWord f915bc11 | SubWord 99596582 | Rcon 20 | After XOR dbf98641 | Final ca0093fd
RotWord 0093fdca | SubWord 63dc5474 | Rcon 40 | After XOR 23dc5474 | Final 4e54f70e
RotWord 0093fdca | SubWord 63dc5474 | Rcon 40 | After XOR 4e54f70e | Final 5f5fc9f3
RotWord 0093fdca | SubWord 63dc5474 | Rcon 40 | After XOR 5f5fc9f3 | Final 84a64fb2
RotWord 0093fdca | SubWord 63dc5474 | Rcon 40 | After XOR 84a64fb2 | Final 4ea6dc4f
RotWord a6dc4f4e | SubWord 2486842f | Rcon 80 | After XOR a486842f | Final ead27321
RotWord a6dc4f4e | SubWord 2486842f | Rcon 80 | After XOR ead27321 | Final b58dbad2
RotWord a6dc4f4e | SubWord 2486842f | Rcon 80 | After XOR b58dbad2 | Final 312bf560
RotWord a6dc4f4e | SubWord 2486842f | Rcon 80 | After XOR 312bf560 | Final 7f8d292f
RotWord 8d292f7f | SubWord 5da515d2 | Rcon 1b | After XOR 46a515d2 | Final ac7766f3
RotWord 8d292f7f | SubWord 5da515d2 | Rcon 1b | After XOR ac7766f3 | Final 19fadc21
RotWord 8d292f7f | SubWord 5da515d2 | Rcon 1b | After XOR 19fadc21 | Final 28d12941
RotWord 8d292f7f | SubWord 5da515d2 | Rcon 1b | After XOR 28d12941 | Final 575c006e
RotWord 5c006e57 | SubWord 4a639f5b | Rcon 36 | After XOR 7c639f5b | Final d014f9a8
RotWord 5c006e57 | SubWord 4a639f5b | Rcon 36 | After XOR d014f9a8 | Final c9ee2589
RotWord 5c006e57 | SubWord 4a639f5b | Rcon 36 | After XOR c9ee2589 | Final e13f0cc8
RotWord 5c006e57 | SubWord 4a639f5b | Rcon 36 | After XOR e13f0cc8 | Final b6630ca6
--------------------Input--------------------
State: 3243f6a8885a308d313198a2e0370734
Round Key Value: 2b7e151628aed2a6abf7158809cf4f3c
After AddRoundKey 193de3bea0f4e22b9ac68d2ae9f84808
-------------------- Round 1 --------------------
State: 193de3bea0f4e22b9ac68d2ae9f84808
After SubBytes: d42711aee0bf98f1b8b45de51e415230
After ShiftRows: d4bf5d30e0b452aeb84111f11e2798e5
After MixColumns: 046681e5e0cb199a48f8d37a2806264c
RoundKey Value a0fafe1788542cb123a339392a6c7605
After AddRoundKey a49c7ff2689f352b6b5bea43026a5049
-------------------- Round 2 --------------------
State: a49c7ff2689f352b6b5bea43026a5049
After SubBytes: 49ded28945db96f17f39871a7702533b
After ShiftRows: 49db873b453953897f02d2f177de961a
After MixColumns: 584dcaf11b4b5aacdbe7caa81b6bb0e5
RoundKey Value f2c295f27a96b9435935807a7359f67f
After AddRoundKey aa8f5f0361dde3ef82d24ad26832469a
-------------------- Round 3 --------------------
State: aa8f5f0361dde3ef82d24ad26832469a
After SubBytes: ac73cf7befc111df13b5d6b545235ab8
After ShiftRows: acc1d6b8efb55a7b1323cfdf457311b5
After MixColumns: 75ec0993200b633353c0cf7cbb25d0dc
RoundKey Value 3d80477d4716fe3e1e237e446d7a883b
After AddRoundKey 486c4eee671d9d0d4de3b138d65f58e7
-------------------- Round 4 --------------------
State: 486c4eee671d9d0d4de3b138d65f58e7
After SubBytes: 52502f2885a45ed7e311c807f6cf6a94
After ShiftRows: 52a4c89485116a28e3cf2fd7f6505e07
After MixColumns: 0fd6daa9603138bf6fc0106b5eb31301
RoundKey Value ef44a541a8525b7fb671253bdb0bad00
After AddRoundKey e0927fe8c86363c0d9b1355085b8be01
-------------------- Round 5 --------------------
State: e0927fe8c86363c0d9b1355085b8be01
After SubBytes: e14fd29be8fbfbba35c89653976cae7c
After ShiftRows: e1fb967ce8c8ae9b356cd2ba974ffb53
After MixColumns: 25d1a9adbd11d168b63a338e4c4cc0b0
RoundKey Value d4d1c6f87c839d87caf2b8bc11f915bc
After AddRoundKey f1006f55c1924cef7cc88b325db5d50c
-------------------- Round 6 --------------------
State: f1006f55c1924cef7cc88b325db5d50c
After SubBytes: a163a8fc784f29df10e83d234cd503fe
After ShiftRows: a14f3dfe78e803fc10d5a8df4c632923
After MixColumns: 4b868d6d2c4a8980339df4e837d218d8
RoundKey Value 6d88a37a110b3efddbf98641ca0093fd
After AddRoundKey 260e2e173d41b77de86472a9fdd28b25
-------------------- Round 7 --------------------
State: 260e2e173d41b77de86472a9fdd28b25
After SubBytes: f7ab31f02783a9ff9b4340d354b53d3f
After ShiftRows: f783403f27433df09bb531ff54aba9d3
After MixColumns: 1415b5bf461615ec274656d7342ad843
RoundKey Value 4e54f70e5f5fc9f384a64fb24ea6dc4f
After AddRoundKey 5a4142b11949dc1fa3e019657a8c040c
-------------------- Round 8 --------------------
State: 5a4142b11949dc1fa3e019657a8c040c
After SubBytes: be832cc8d43b86c00ae1d44dda64f2fe
After ShiftRows: be3bd4fed4e1f2c80a642cc0da83864d
After MixColumns: 00512fd1b1c889ff54766dcdfa1b99ea
RoundKey Value ead27321b58dbad2312bf5607f8d292f
After AddRoundKey ea835cf00445332d655d98ad8596b0c5
-------------------- Round 9 --------------------
State: ea835cf00445332d655d98ad8596b0c5
After SubBytes: 87ec4a8cf26ec3d84d4c46959790e7a6
After ShiftRows: 876e46a6f24ce78c4d904ad897ecc395
After MixColumns: 473794ed40d4e4a5a3703aa64c9f42bc
RoundKey Value ac7766f319fadc2128d12941575c006e
After AddRoundKey eb40f21e592e38848ba113e71bc342d2
-------------------- Round 10 --------------------
State: eb40f21e592e38848ba113e71bc342d2
After SubBytes: e9098972cb31075f3d327d94af2e2cb5
After ShiftRows: e9317db5cb322c723d2e895faf090794
RoundKey Value d014f9a8c9ee2589e13f0cc8b6630ca6
After AddRoundKey 3925841d02dc09fbdc118597196a0b32
CIPHER TEXT: 3925841d02dc09fbdc118597196a0b32
RotWord cf4f3c09 | SubWord 8a84eb01 | Rcon 01 | After XOR 8b84eb01 | Final a0fafe17
RotWord cf4f3c09 | SubWord 8a84eb01 | Rcon 01 | After XOR a0fafe17 | Final 88542cb1
RotWord cf4f3c09 | SubWord 8a84eb01 | Rcon 01 | After XOR 88542cb1 | Final 23a33939
RotWord cf4f3c09 | SubWord 8a84eb01 | Rcon 01 | After XOR 23a33939 | Final 2a6c7605
RotWord 6c76052a | SubWord 50386be5 | Rcon 02 | After XOR 52386be5 | Final f2c295f2
RotWord 6c76052a | SubWord 50386be5 | Rcon 02 | After XOR f2c295f2 | Final 7a96b943
RotWord 6c76052a | SubWord 50386be5 | Rcon 02 | After XOR 7a96b943 | Final 5935807a
RotWord 6c76052a | SubWord 50386be5 | Rcon 02 | After XOR 5935807a | Final 7359f67f
RotWord 59f67f73 | SubWord cb42d28f | Rcon 04 | After XOR cf42d28f | Final 3d80477d
RotWord 59f67f73 | SubWord cb42d28f | Rcon 04 | After XOR 3d80477d | Final 4716fe3e
RotWord 59f67f73 | SubWord cb42d28f | Rcon 04 | After XOR 4716fe3e | Final 1e237e44
RotWord 59f67f73 | SubWord cb42d28f | Rcon 04 | After XOR 1e237e44 | Final 6d7a883b
RotWord 7a883b6d | SubWord dac4e23c | Rcon 08 | After XOR d2c4e23c | Final ef44a541
RotWord 7a883b6d | SubWord dac4e23c | Rcon 08 | After XOR ef44a541 | Final a8525b7f
RotWord 7a883b6d | SubWord dac4e23c | Rcon 08 | After XOR a8525b7f | Final b671253b
